<?xml version="1.0" encoding="UTF-8"?>
<!-- Generated by org.testng.reporters.JUnitXMLReporter -->
<testsuite hostname="Derrick.local" ignored="0" name="百度测试" tests="1" failures="0" timestamp="24 二月 2021 02:26:10 GMT" time="20.244" errors="0">
  <testcase name="@BeforeTest beforeTest" time="0.073" classname="com.abcnull.basetest.BaseTest">
    <failure type="java.lang.IllegalStateException" message="The driver is not executable: /Derrick/SZ/selenium_hupo/target/test-classes/drivers/chromedriver">
      <![CDATA[java.lang.IllegalStateException: The driver is not executable: /Derrick/SZ/selenium_hupo/target/test-classes/drivers/chromedriver
at com.google.common.base.Preconditions.checkState(Preconditions.java:585)
at org.openqa.selenium.remote.service.DriverService.checkExecutable(DriverService.java:150)
at org.openqa.selenium.remote.service.DriverService.findExecutable(DriverService.java:141)
at org.openqa.selenium.chrome.ChromeDriverService.access$000(ChromeDriverService.java:35)
at org.openqa.selenium.chrome.ChromeDriverService$Builder.findDefaultExecutable(ChromeDriverService.java:159)
at org.openqa.selenium.remote.service.DriverService$Builder.build(DriverService.java:355)
at org.openqa.selenium.chrome.ChromeDriverService.createDefaultService(ChromeDriverService.java:94)
at org.openqa.selenium.chrome.ChromeDriver.<init>(ChromeDriver.java:157)
at com.abcnull.basetest.ChromeDriverHandler.startBrowser(ChromeDriverHandler.java:71)
at com.abcnull.basetest.HeadHandler.startBrowser(HeadHandler.java:23)
at com.abcnull.basetest.DriverHandler.start(DriverHandler.java:35)
at com.abcnull.basetest.BaseDriver.startBrowser(BaseDriver.java:93)
at com.abcnull.basetest.BaseTest.beforeTest(BaseTest.java:79)
at java.util.concurrent.FutureTask.run(FutureTask.java:266)
at java.util.concurrent.ThreadPoolExecutor.runWorker(ThreadPoolExecutor.java:1149)
at java.util.concurrent.ThreadPoolExecutor$Worker.run(ThreadPoolExecutor.java:624)
at java.lang.Thread.run(Thread.java:748)
... Removed 15 stack frames]]>
    </failure>
  </testcase> <!-- @BeforeTest beforeTest -->
  <testcase name="@BeforeClass beforeClass" time="0.0" classname="com.abcnull.basetest.BaseTest">
    <skipped/>
  </testcase> <!-- @BeforeClass beforeClass -->
  <testcase name="@AfterTest afterTest" time="0.001" classname="com.abcnull.basetest.BaseTest">
    <failure type="java.lang.NullPointerException">
      <![CDATA[java.lang.NullPointerException
at com.abcnull.basetest.BaseDriver.closeBrowser(BaseDriver.java:137)
at com.abcnull.basetest.BaseTest.afterTest(BaseTest.java:114)
at java.util.concurrent.FutureTask.run(FutureTask.java:266)
at java.util.concurrent.ThreadPoolExecutor.runWorker(ThreadPoolExecutor.java:1149)
at java.util.concurrent.ThreadPoolExecutor$Worker.run(ThreadPoolExecutor.java:624)
at java.lang.Thread.run(Thread.java:748)
... Removed 15 stack frames]]>
    </failure>
  </testcase> <!-- @AfterTest afterTest -->
  <testcase name="testSearch" time="0.0" classname="com.abcnull.testcase.BaiduTest">
    <skipped/>
  </testcase> <!-- testSearch -->
</testsuite> <!-- 百度测试 -->
