<?xml version="1.0" encoding="UTF-8"?>
<testsuite xmlns:xsi="http://www.w3.org/2001/XMLSchema-instance" xsi:noNamespaceSchemaLocation="https://maven.apache.org/surefire/maven-surefire-plugin/xsd/surefire-test-report.xsd" name="TestSuite" time="43.54" tests="1" errors="0" skipped="0" failures="1">
  <properties>
[...]
</properties>
  <testcase name="testSearch" classname="com.abcnull.testcase.BaiduTest" time="12.026">
    <failure message="Expected condition failed: waiting for title to contain &quot;Hello world&quot;. Current title: &quot;abcnulls_百度搜索&quot; (tried for 10 second(s) with 500 milliseconds interval)&#10;Build info: version: &apos;3.141.59&apos;, revision: &apos;e82be7d358&apos;, time: &apos;2018-11-14T08:17:03&apos;&#10;System info: host: &apos;Derrick.local&apos;, ip: &apos;fe80:0:0:0:18f2:8cc:bdce:a784%en0&apos;, os.name: &apos;Mac OS X&apos;, os.arch: &apos;x86_64&apos;, os.version: &apos;10.14.6&apos;, java.version: &apos;1.8.0_181&apos;&#10;Driver info: org.openqa.selenium.chrome.ChromeDriver&#10;Capabilities {acceptInsecureCerts: false, browserName: chrome, browserVersion: 88.0.4324.192, chrome: {chromedriverVersion: 88.0.4324.96 (68dba2d8a0b14..., userDataDir: /var/folders/1y/pp3cf5693d3...}, goog:chromeOptions: {debuggerAddress: localhost:50670}, javascriptEnabled: true, networkConnectionEnabled: false, pageLoadStrategy: normal, platform: MAC, platformName: MAC, proxy: Proxy(), setWindowRect: true, strictFileInteractability: false, timeouts: {implicit: 0, pageLoad: 300000, script: 30000}, unhandledPromptBehavior: dismiss and notify, webauthn:extension:largeBlob: true, webauthn:virtualAuthenticators: true}&#10;Session ID: 8452c38d999abbd813ae8fef4c7f0932" type="org.openqa.selenium.TimeoutException">org.openqa.selenium.TimeoutException: 
Expected condition failed: waiting for title to contain "Hello world". Current title: "abcnulls_百度搜索" (tried for 10 second(s) with 500 milliseconds interval)
Build info: version: '3.141.59', revision: 'e82be7d358', time: '2018-11-14T08:17:03'
System info: host: 'Derrick.local', ip: 'fe80:0:0:0:18f2:8cc:bdce:a784%en0', os.name: 'Mac OS X', os.arch: 'x86_64', os.version: '10.14.6', java.version: '1.8.0_181'
Driver info: org.openqa.selenium.chrome.ChromeDriver
Capabilities {acceptInsecureCerts: false, browserName: chrome, browserVersion: 88.0.4324.192, chrome: {chromedriverVersion: 88.0.4324.96 (68dba2d8a0b14..., userDataDir: /var/folders/1y/pp3cf5693d3...}, goog:chromeOptions: {debuggerAddress: localhost:50670}, javascriptEnabled: true, networkConnectionEnabled: false, pageLoadStrategy: normal, platform: MAC, platformName: MAC, proxy: Proxy(), setWindowRect: true, strictFileInteractability: false, timeouts: {implicit: 0, pageLoad: 300000, script: 30000}, unhandledPromptBehavior: dismiss and notify, webauthn:extension:largeBlob: true, webauthn:virtualAuthenticators: true}
Session ID: 8452c38d999abbd813ae8fef4c7f0932
	at com.abcnull.testcase.BaiduTest.testSearch(BaiduTest.java:34)
</failure>
    <system-out><![CDATA[[TestNG] [WARN] AnnotationTransformer already set
[TestNG] [WARN] Ignoring duplicate listener : com.abcnull.listener.TestLogListener
[TestNG] [WARN] Ignoring duplicate listener : com.abcnull.listener.TestReportListener
[TestNG] [WARN] Ignoring duplicate listener : com.abcnull.listener.ExtentTestReporterListener
testSearch Priority = 100000001
**       **       **  ******  *****   **     **  ***
  *     *  *     *    *       *   *    *     *    *
   *   *    *   *     *****   ******   *     *    *
    * *      * *      *       *    *   *     *    *
     *        *       ******  ******   *******   ***

  *******  ******  ******  *******        **     ***
     *     *       *          *         *  *      *
     *     *****   ******     *       ********    *
     *     *            *     *            *      *
     *     ******  ******     *            *    ***
2021-02-24 19:54:04.348 [main-36] INFO  com.abcnull.util.PropertiesReader.readProperties - 读取项目配置文件
2021-02-24 19:54:04.354 [main-59] INFO  com.abcnull.util.RedisUtil.initJedisPool - 开始初始化 redis 连接池
2021-02-24 19:54:04.354 [main-67] ERROR com.abcnull.util.RedisUtil.initJedisPool - redis 连接池生成失败！
2021-02-24 19:54:04.358 [TestNG-tests-1-26] INFO  com.abcnull.listener.TestLogListener.onStart - ====================百度测试开始====================
2021-02-24 19:54:04.365 [TestNG-tests-1-91] ERROR com.abcnull.util.RedisUtil.initJedis - 从连接池中生成一个新的连接失败！
2021-02-24 19:54:06.282 [TestNG-tests-1-107] INFO  com.abcnull.basetest.BaseDriver.startBrowser - 浏览器：chrome 成功启动！
2021-02-24 19:54:06.295 [TestNG-tests-1-37] INFO  com.abcnull.listener.TestLogListener.onTestStart - ========com.abcnull.testcase.BaiduTest.testSearch测试开始========
2021-02-24 19:54:16.352 [TestNG-tests-1-42] INFO  com.abcnull.pageobject.page.BaiduPage.enterPage - 跳转进入百度页面
2021-02-24 19:54:17.051 [TestNG-tests-1-52] INFO  com.abcnull.pageobject.page.BaiduPage.search - 搜索
2021-02-24 19:54:27.565 [TestNG-tests-1-59] ERROR com.abcnull.listener.TestLogListener.onTestFailure - ========com.abcnull.testcase.BaiduTest.testSearch测试失败,失败原因如下：
org.openqa.selenium.TimeoutException: Expected condition failed: waiting for title to contain "Hello world". Current title: "abcnulls_百度搜索" (tried for 10 second(s) with 500 milliseconds interval)
Build info: version: '3.141.59', revision: 'e82be7d358', time: '2018-11-14T08:17:03'
System info: host: 'Derrick.local', ip: 'fe80:0:0:0:18f2:8cc:bdce:a784%en0', os.name: 'Mac OS X', os.arch: 'x86_64', os.version: '10.14.6', java.version: '1.8.0_181'
Driver info: org.openqa.selenium.chrome.ChromeDriver
Capabilities {acceptInsecureCerts: false, browserName: chrome, browserVersion: 88.0.4324.192, chrome: {chromedriverVersion: 88.0.4324.96 (68dba2d8a0b14..., userDataDir: /var/folders/1y/pp3cf5693d3...}, goog:chromeOptions: {debuggerAddress: localhost:50670}, javascriptEnabled: true, networkConnectionEnabled: false, pageLoadStrategy: normal, platform: MAC, platformName: MAC, proxy: Proxy(), setWindowRect: true, strictFileInteractability: false, timeouts: {implicit: 0, pageLoad: 300000, script: 30000}, unhandledPromptBehavior: dismiss and notify, webauthn:extension:largeBlob: true, webauthn:virtualAuthenticators: true}
Session ID: 8452c38d999abbd813ae8fef4c7f0932========
2021-02-24 19:54:27.567 [TestNG-tests-1-37] INFO  com.abcnull.util.ScreenshotUtil.capture - 开始截图
]]></system-out>
    <system-err><![CDATA[Starting ChromeDriver 88.0.4324.96 (68dba2d8a0b149a1d3afac56fa74648032bcf46b-refs/branch-heads/4324@{#1784}) on port 30686
Only local connections are allowed.
Please see https://chromedriver.chromium.org/security-considerations for suggestions on keeping ChromeDriver safe.
ChromeDriver was started successfully.
二月 24, 2021 7:54:06 下午 org.openqa.selenium.remote.ProtocolHandshake createSession
信息: Detected dialect: W3C
]]></system-err>
  </testcase>
</testsuite>