-------------------------------------------------------------------------------
Test set: TestSuite
-------------------------------------------------------------------------------
Tests run: 4, Failures: 2, Errors: 0, Skipped: 2, Time elapsed: 36.669 s <<< FAILURE! - in TestSuite
beforeTest(com.abcnull.testcase.BaiduTest)  Time elapsed: 6.02 s  <<< FAILURE!
java.lang.IllegalStateException: The driver is not executable: /Derrick/SZ/selenium_hupo/target/test-classes/drivers/chromedriver

afterTest(com.abcnull.testcase.BaiduTest)  Time elapsed: 21.167 s  <<< FAILURE!
java.lang.NullPointerException

