<?xml version="1.0" encoding="UTF-8"?>
<testsuite xmlns:xsi="http://www.w3.org/2001/XMLSchema-instance" xsi:noNamespaceSchemaLocation="https://maven.apache.org/surefire/maven-surefire-plugin/xsd/surefire-test-report.xsd" name="TestSuite" time="36.978" tests="4" errors="0" skipped="2" failures="2">
  <properties>
[...]
</properties>
  <testcase name="beforeTest" classname="com.abcnull.testcase.BaiduTest" time="16.273">
    <failure message="The driver is not executable: /Derrick/SZ/selenium_hupo/target/test-classes/drivers/chromedriver" type="java.lang.IllegalStateException">java.lang.IllegalStateException: The driver is not executable: /Derrick/SZ/selenium_hupo/target/test-classes/drivers/chromedriver
</failure>
    <system-out><![CDATA[[TestNG] [WARN] AnnotationTransformer already set
[TestNG] [WARN] Ignoring duplicate listener : com.abcnull.listener.TestLogListener
[TestNG] [WARN] Ignoring duplicate listener : com.abcnull.listener.TestReportListener
[TestNG] [WARN] Ignoring duplicate listener : com.abcnull.listener.ExtentTestReporterListener
testSearch Priority = 100000001
**       **       **  ******  *****   **     **  ***
  *     *  *     *    *       *   *    *     *    *
   *   *    *   *     *****   ******   *     *    *
    * *      * *      *       *    *   *     *    *
     *        *       ******  ******   *******   ***

  *******  ******  ******  *******        **     ***
     *     *       *          *         *  *      *
     *     *****   ******     *       ********    *
     *     *            *     *            *      *
     *     ******  ******     *            *    ***
2021-02-24 13:03:45.180 [main-36] INFO  com.abcnull.util.PropertiesReader.readProperties - 读取项目配置文件
2021-02-24 13:03:45.187 [main-59] INFO  com.abcnull.util.RedisUtil.initJedisPool - 开始初始化 redis 连接池
2021-02-24 13:03:45.188 [main-67] ERROR com.abcnull.util.RedisUtil.initJedisPool - redis 连接池生成失败！
2021-02-24 13:03:45.191 [TestNG-tests-1-26] INFO  com.abcnull.listener.TestLogListener.onStart - ====================百度测试开始====================
2021-02-24 13:03:45.199 [TestNG-tests-1-91] ERROR com.abcnull.util.RedisUtil.initJedis - 从连接池中生成一个新的连接失败！
]]></system-out>
  </testcase>
  <testcase name="beforeClass" classname="com.abcnull.testcase.BaiduTest" time="0">
    <skipped/>
  </testcase>
  <testcase name="testSearch" classname="com.abcnull.testcase.BaiduTest" time="0">
    <skipped message="The driver is not executable: /Derrick/SZ/selenium_hupo/target/test-classes/drivers/chromedriver"/>
    <system-out><![CDATA[2021-02-24 13:03:55.426 [TestNG-tests-1-72] INFO  com.abcnull.listener.TestLogListener.onTestSkipped - ========com.abcnull.testcase.BaiduTest.testSearch跳过测试========
]]></system-out>
  </testcase>
  <testcase name="afterTest" classname="com.abcnull.testcase.BaiduTest" time="26.309">
    <failure type="java.lang.NullPointerException">java.lang.NullPointerException
</failure>
  </testcase>
</testsuite>